0:0:0:0:0:0:0:1 - - [15/May/2020:10:59:49 +0800] "GET /iamge/webp HTTP/1.1" 404 282 18080 112 ms
0:0:0:0:0:0:0:1 - - [15/May/2020:11:01:12 +0800] "GET /iamge/webp HTTP/1.1" 404 282 18080 6 ms
0:0:0:0:0:0:0:1 - - [15/May/2020:11:01:51 +0800] "GET /iamge/webp HTTP/1.1" 404 282 18080 4 ms
0:0:0:0:0:0:0:1 - - [15/May/2020:11:21:30 +0800] "GET /iamge/webp HTTP/1.1" 404 282 18080 98 ms
0:0:0:0:0:0:0:1 - - [15/May/2020:11:21:35 +0800] "GET /test HTTP/1.1" 500 339 18080 61 ms
0:0:0:0:0:0:0:1 - - [15/May/2020:11:22:52 +0800] "GET /test HTTP/1.1" 403 0 18080 178 ms
0:0:0:0:0:0:0:1 - - [15/May/2020:11:23:09 +0800] "GET /test HTTP/1.1" 403 0 18080 28481 ms
0:0:0:0:0:0:0:1 - - [15/May/2020:11:25:23 +0800] "GET /test HTTP/1.1" 403 0 18080 85 ms
0:0:0:0:0:0:0:1 - - [15/May/2020:11:25:43 +0800] "GET /test HTTP/1.1" 403 0 18080 23 ms
0:0:0:0:0:0:0:1 - - [15/May/2020:11:27:36 +0800] "GET /test HTTP/1.1" 500 337 18080 128 ms
0:0:0:0:0:0:0:1 - - [15/May/2020:11:43:49 +0800] "GET /red/xxx HTTP/1.1" 302 222 18080 779 ms
0:0:0:0:0:0:0:1 - - [15/May/2020:11:46:08 +0800] "GET /red/%7Bsegment%7D HTTP/1.1" 302 222 18080 851 ms
0:0:0:0:0:0:0:1 - - [15/May/2020:11:46:59 +0800] "GET /red/xxxx HTTP/1.1" 302 0 18080 31634 ms
0:0:0:0:0:0:0:1 - - [15/May/2020:11:49:00 +0800] "GET /red/eat HTTP/1.1" 302 0 18080 930 ms
0:0:0:0:0:0:0:1 - - [15/May/2020:13:36:42 +0800] "GET /go/baidu HTTP/1.1" 302 0 18080 31656 ms
0:0:0:0:0:0:0:1 - - [15/May/2020:13:45:26 +0800] "GET /go/baidu HTTP/1.1" 302 0 18080 31706 ms
0:0:0:0:0:0:0:1 - - [15/May/2020:18:31:44 +0800] "GET /test/go HTTP/1.1" 404 135 18080 217 ms
0:0:0:0:0:0:0:1 - - [15/May/2020:18:32:03 +0800] "GET /go/badu HTTP/1.1" 404 135 18080 5 ms
0:0:0:0:0:0:0:1 - - [15/May/2020:18:32:22 +0800] "GET /go/badu HTTP/1.1" 404 282 18080 70 ms
0:0:0:0:0:0:0:1 - - [15/May/2020:18:32:37 +0800] "GET /go/baidu HTTP/1.1" 302 0 18080 31688 ms
0:0:0:0:0:0:0:1 - - [15/May/2020:18:33:31 +0800] "GET /go/baidu HTTP/1.1" 302 0 18080 31027 ms
0:0:0:0:0:0:0:1 - - [15/May/2020:18:51:54 +0800] "GET /ch/finance HTTP/1.1" 301 184 18080 808 ms
0:0:0:0:0:0:0:1 - - [15/May/2020:18:52:04 +0800] "GET /ch/finance HTTP/1.1" 301 184 18080 30 ms
0:0:0:0:0:0:0:1 - - [16/May/2020:09:27:15 +0800] "GET /ch/finance HTTP/1.1" 301 184 18080 882 ms
0:0:0:0:0:0:0:1 - - [16/May/2020:09:27:25 +0800] "GET /ch/finance HTTP/1.1" 301 184 18080 105 ms
0:0:0:0:0:0:0:1 - - [16/May/2020:09:37:25 +0800] "GET /ch/finance HTTP/1.1" 301 184 18080 104 ms
0:0:0:0:0:0:0:1 - - [16/May/2020:16:54:12 +0800] "GET /provider-service/xxx HTTP/1.1" 404 282 18080 145 ms
0:0:0:0:0:0:0:1 - - [16/May/2020:17:00:56 +0800] "GET /provider-service/xxx HTTP/1.1" 404 282 18080 192 ms
0:0:0:0:0:0:0:1 - - [16/May/2020:17:04:03 +0800] "GET /provider-service/xxx HTTP/1.1" 404 282 18080 166 ms
0:0:0:0:0:0:0:1 - - [16/May/2020:17:06:04 +0800] "GET /SERVICE-PROVIDER/xxcx HTTP/1.1" 404 282 18080 6 ms
0:0:0:0:0:0:0:1 - - [16/May/2020:17:06:08 +0800] "GET /SERVICE-PROVIDER/xxcx HTTP/1.1" 404 282 18080 6 ms
0:0:0:0:0:0:0:1 - - [16/May/2020:17:06:08 +0800] "GET /SERVICE-PROVIDER/xxcx HTTP/1.1" 404 282 18080 5 ms
0:0:0:0:0:0:0:1 - - [16/May/2020:17:06:30 +0800] "GET /SERVICE-PROVIDER/xxcx HTTP/1.1" 404 282 18080 9 ms
0:0:0:0:0:0:0:1 - - [16/May/2020:17:06:37 +0800] "GET /SERVICE-PROVIDER/xxcx HTTP/1.1" 404 282 18080 6 ms
0:0:0:0:0:0:0:1 - - [16/May/2020:17:06:37 +0800] "GET /SERVICE-PROVIDER/xxcx HTTP/1.1" 404 282 18080 6 ms
0:0:0:0:0:0:0:1 - - [16/May/2020:17:06:38 +0800] "GET /SERVICE-PROVIDER/xxcx HTTP/1.1" 404 282 18080 5 ms
0:0:0:0:0:0:0:1 - - [16/May/2020:17:31:24 +0800] "GET /SERVICE-PROVIDER/xxcx HTTP/1.1" 404 282 18080 217 ms
0:0:0:0:0:0:0:1 - - [16/May/2020:17:31:26 +0800] "GET /SERVICE-PROVIDER/xxcx HTTP/1.1" 404 282 18080 8 ms
0:0:0:0:0:0:0:1 - - [16/May/2020:17:31:26 +0800] "GET /SERVICE-PROVIDER/xxcx HTTP/1.1" 404 282 18080 6 ms
0:0:0:0:0:0:0:1 - - [16/May/2020:17:31:27 +0800] "GET /SERVICE-PROVIDER/xxcx HTTP/1.1" 404 282 18080 5 ms
0:0:0:0:0:0:0:1 - - [16/May/2020:17:31:27 +0800] "GET /SERVICE-PROVIDER/xxcx HTTP/1.1" 404 282 18080 7 ms
0:0:0:0:0:0:0:1 - - [16/May/2020:17:31:27 +0800] "GET /SERVICE-PROVIDER/xxcx HTTP/1.1" 404 282 18080 6 ms
0:0:0:0:0:0:0:1 - - [16/May/2020:17:31:28 +0800] "GET /SERVICE-PROVIDER/xxcx HTTP/1.1" 404 282 18080 6 ms
0:0:0:0:0:0:0:1 - - [16/May/2020:17:31:28 +0800] "GET /SERVICE-PROVIDER/xxcx HTTP/1.1" 404 282 18080 5 ms
0:0:0:0:0:0:0:1 - - [16/May/2020:17:31:28 +0800] "GET /SERVICE-PROVIDER/xxcx HTTP/1.1" 404 282 18080 7 ms
0:0:0:0:0:0:0:1 - - [16/May/2020:17:31:28 +0800] "GET /SERVICE-PROVIDER/xxcx HTTP/1.1" 404 283 18080 5 ms
0:0:0:0:0:0:0:1 - - [16/May/2020:17:32:27 +0800] "GET /SERVICE-PROVIDER/xxcx HTTP/1.1" 404 282 18080 232 ms
0:0:0:0:0:0:0:1 - - [16/May/2020:17:32:29 +0800] "GET /SERVICE-PROVIDER/xxcx HTTP/1.1" 404 282 18080 7 ms
0:0:0:0:0:0:0:1 - - [16/May/2020:17:32:29 +0800] "GET /SERVICE-PROVIDER/xxcx HTTP/1.1" 404 282 18080 6 ms
0:0:0:0:0:0:0:1 - - [16/May/2020:17:32:30 +0800] "GET /SERVICE-PROVIDER/xxcx HTTP/1.1" 404 282 18080 6 ms
0:0:0:0:0:0:0:1 - - [16/May/2020:17:33:56 +0800] "GET /SERVICE-PROVIDER/xxcx HTTP/1.1" 404 282 18080 7 ms
0:0:0:0:0:0:0:1 - - [16/May/2020:17:34:49 +0800] "GET /SERVICE-PROVIDER/api/sayHello?name=wangbo HTTP/1.1" 404 282 18080 7 ms
0:0:0:0:0:0:0:1 - - [16/May/2020:17:34:55 +0800] "GET /SERVICE-PROVIDER/api/sayHello?name=wangbo HTTP/1.1" 404 282 18080 7 ms
0:0:0:0:0:0:0:1 - - [16/May/2020:17:38:21 +0800] "GET /service-provider/api/sayHello?name=wangbo HTTP/1.1" 404 431 18080 636 ms
0:0:0:0:0:0:0:1 - - [16/May/2020:17:40:10 +0800] "GET /service-provider/api/sayHello?name=wangbo HTTP/1.1" 200 59 18080 3153 ms
0:0:0:0:0:0:0:1 - - [16/May/2020:17:47:33 +0800] "GET /service-provider/api/sayHello?name=wangbo HTTP/1.1" 200 59 18080 3009 ms
0:0:0:0:0:0:0:1 - - [16/May/2020:17:47:49 +0800] "GET /service-provider/api/sayHello?name=wangbo HTTP/1.1" 200 59 18080 3008 ms
0:0:0:0:0:0:0:1 - - [16/May/2020:17:49:13 +0800] "GET /service-provider/api/sayHello?name=wangbo HTTP/1.1" 200 59 18080 3008 ms
0:0:0:0:0:0:0:1 - - [16/May/2020:18:18:15 +0800] "GET /service-provider-other/other/doSomething HTTP/1.1" 200 80 18080 3452 ms
0:0:0:0:0:0:0:1 - - [16/May/2020:18:28:55 +0800] "GET /service-provider-other/other/doSomething HTTP/1.1" 200 80 18080 3019 ms
0:0:0:0:0:0:0:1 - - [16/May/2020:18:29:16 +0800] "GET /service-provider-other/other/doSomething HTTP/1.1" 200 80 18080 3026 ms
